<?xml version="1.0" encoding="UTF-8"?>
<!-- Generated by org.testng.reporters.JUnitReportReporter -->
<testsuite hostname="Danish" failures="0" tests="1" name="hybridApp.Login" time="9.203" errors="0" timestamp="2024-04-30T18:00:22 IST" skipped="0">
  <testcase classname="hybridApp.Login" name="test1" time="9.203"/>
</testsuite> <!-- hybridApp.Login -->
