<?xml version="1.0" encoding="UTF-8"?>
<!-- Generated by org.testng.reporters.JUnitReportReporter -->
<testsuite hostname="Danish" failures="0" tests="1" name="sourcefuse.TelescopeHealth" time="43.504" errors="0" timestamp="2024-05-01T16:08:01 IST" skipped="0">
  <testcase classname="sourcefuse.TelescopeHealth" name="test1" time="43.504"/>
</testsuite> <!-- sourcefuse.TelescopeHealth -->
