<?xml version="1.0" encoding="UTF-8"?>
<!-- Generated by org.testng.reporters.JUnitReportReporter -->
<testsuite hostname="Danish" failures="0" tests="1" name="sourcefuse.TouchAction" time="6.559" errors="0" timestamp="2024-05-01T13:19:53 IST" skipped="0">
  <testcase classname="sourcefuse.TouchAction" name="test2" time="6.559"/>
</testsuite> <!-- sourcefuse.TouchAction -->
